<?xml version="1.0" encoding="UTF-8"?>
<!-- Generated by org.testng.reporters.JUnitReportReporter -->
<testsuite hostname="dancobygro0020" name="denis.trening.DeleteFilm" tests="1" failures="0" timestamp="10 Nov 2015 13:47:24 GMT" time="8.872" errors="0">
  <testcase name="testUntitled" time="8.872" classname="denis.trening.DeleteFilm"/>
</testsuite> <!-- denis.trening.DeleteFilm -->
