<?xml version="1.0" encoding="UTF-8"?>
<!-- Generated by org.testng.reporters.JUnitReportReporter -->
<testsuite hostname="dancobygro0020" name="denis.trening.AddFilmValid" tests="6" failures="0" timestamp="6 Nov 2015 07:00:27 GMT" time="3.360" errors="0">
  <testcase name="openPageOfAddFilm" time="0.748" classname="denis.trening.AddFilmValid"/>
  <testcase name="openPageOfAddFilm" time="0.712" classname="denis.trening.AddFilmValid"/>
  <testcase name="insertValidData" time="0.562" classname="denis.trening.AddFilmValid"/>
  <testcase name="checkOfAdding" time="0.407" classname="denis.trening.AddFilmValid"/>
  <testcase name="checkOfAdding" time="0.372" classname="denis.trening.AddFilmValid"/>
  <testcase name="insertValidData" time="0.559" classname="denis.trening.AddFilmValid"/>
</testsuite> <!-- denis.trening.AddFilmValid -->
