<?xml version="1.0" encoding="UTF-8"?>
<!-- Generated by org.testng.reporters.JUnitReportReporter -->
<testsuite hostname="dancobygro0020" name="denis.trening.DeleteFilm" tests="1" failures="0" timestamp="4 Nov 2015 08:31:20 GMT" time="1.262" errors="0">
  <testcase name="deleteFilm" time="1.262" classname="denis.trening.DeleteFilm"/>
</testsuite> <!-- denis.trening.DeleteFilm -->
