<?xml version="1.0" encoding="UTF-8"?>
<!-- Generated by org.testng.reporters.JUnitReportReporter -->
<testsuite hostname="dancobygro0020" name="denis_trening.Logout" tests="1" failures="0" timestamp="2 Nov 2015 13:13:18 GMT" time="0.000" errors="0">
  <testcase name="testUntitled" time="0.000" classname="denis_trening.Logout"/>
</testsuite> <!-- denis_trening.Logout -->
