<?xml version="1.0" encoding="UTF-8"?>
<!-- Generated by org.testng.reporters.JUnitReportReporter -->
<testsuite hostname="dancobygro0020" name="denis.trening.CheckCountFilms" tests="5" failures="0" timestamp="3 Nov 2015 13:50:35 GMT" time="3.396" errors="0">
  <testcase name="logout" time="0.667" classname="denis.trening.CheckCountFilms"/>
  <testcase name="login" time="2.626" classname="denis.trening.CheckCountFilms"/>
  <testcase name="reactions" time="0.001" classname="denis.trening.CheckCountFilms"/>
  <testcase name="search" time="0.046" classname="denis.trening.CheckCountFilms"/>
  <testcase name="checkAmount" time="0.056" classname="denis.trening.CheckCountFilms"/>
</testsuite> <!-- denis.trening.CheckCountFilms -->
