<?xml version="1.0" encoding="UTF-8"?>
<!-- Generated by org.testng.reporters.JUnitReportReporter -->
<testsuite hostname="dancobygro0020" name="denis_trening.CheckCountFilms" tests="3" failures="0" timestamp="3 Nov 2015 11:54:10 GMT" time="5.438" errors="0">
  <testcase name="login" time="2.255" classname="denis_trening.CheckCountFilms"/>
  <testcase name="checkAmount" time="3.020" classname="denis_trening.CheckCountFilms"/>
  <testcase name="logout" time="0.163" classname="denis_trening.CheckCountFilms"/>
</testsuite> <!-- denis_trening.CheckCountFilms -->
