<?xml version="1.0" encoding="UTF-8"?>
<!-- Generated by org.testng.reporters.JUnitReportReporter -->
<testsuite hostname="dancobygro0020" name="denis.trening.Logout" tests="1" failures="0" timestamp="5 Nov 2015 13:35:28 GMT" time="0.481" errors="0">
  <testcase name="testUntitled" time="0.481" classname="denis.trening.Logout"/>
</testsuite> <!-- denis.trening.Logout -->
