<?xml version="1.0" encoding="UTF-8"?>
<!-- Generated by org.testng.reporters.JUnitReportReporter -->
<testsuite hostname="dancobygro0020" name="denis.trening.CheckCountFilms" tests="3" failures="0" timestamp="3 Nov 2015 12:46:19 GMT" time="6.026" errors="0">
  <testcase name="login" time="2.715" classname="denis.trening.CheckCountFilms"/>
  <testcase name="logout" time="0.295" classname="denis.trening.CheckCountFilms"/>
  <testcase name="checkAmount" time="3.016" classname="denis.trening.CheckCountFilms"/>
</testsuite> <!-- denis.trening.CheckCountFilms -->
