<?xml version="1.0" encoding="UTF-8"?>
<!-- Generated by org.testng.reporters.JUnitReportReporter -->
<testsuite hostname="dancobygro0020" name="denis.trening.SearchPositive" tests="1" failures="0" timestamp="11 Nov 2015 13:55:42 GMT" time="4.886" errors="0">
  <testcase name="testUntitled" time="4.886" classname="denis.trening.SearchPositive"/>
</testsuite> <!-- denis.trening.SearchPositive -->
