<?xml version="1.0" encoding="UTF-8"?>
<!-- Generated by org.testng.reporters.JUnitReportReporter -->
<testsuite hostname="dancobygro0020" name="denis.trening.AddFilmInvalid" tests="2" failures="0" timestamp="4 Nov 2015 08:31:20 GMT" time="1.562" errors="0">
  <testcase name="openPageOfAddFilm" time="0.829" classname="denis.trening.AddFilmInvalid"/>
  <testcase name="insertInvalidData" time="0.733" classname="denis.trening.AddFilmInvalid"/>
</testsuite> <!-- denis.trening.AddFilmInvalid -->
