<?xml version="1.0" encoding="UTF-8"?>
<!-- Generated by org.testng.reporters.JUnitReportReporter -->
<testsuite hostname="dancobygro0020" name="denis.trening.AddFilmValid" tests="3" failures="0" timestamp="5 Nov 2015 13:16:09 GMT" time="1.931" errors="0">
  <testcase name="insertValidData" time="0.645" classname="denis.trening.AddFilmValid"/>
  <testcase name="checkOfAdding" time="0.369" classname="denis.trening.AddFilmValid"/>
  <testcase name="openPageOfAddFilm" time="0.917" classname="denis.trening.AddFilmValid"/>
</testsuite> <!-- denis.trening.AddFilmValid -->
