<?xml version="1.0" encoding="UTF-8"?>
<!-- Generated by org.testng.reporters.JUnitReportReporter -->
<testsuite hostname="dancobygro0020" name="denis.trening.AddFilmValid" tests="6" failures="0" timestamp="5 Nov 2015 13:35:28 GMT" time="4.686" errors="0">
  <testcase name="openPageOfAddFilm" time="0.945" classname="denis.trening.AddFilmValid"/>
  <testcase name="checkOfAdding" time="0.448" classname="denis.trening.AddFilmValid"/>
  <testcase name="checkOfAdding" time="0.415" classname="denis.trening.AddFilmValid"/>
  <testcase name="openPageOfAddFilm" time="1.379" classname="denis.trening.AddFilmValid"/>
  <testcase name="insertValidData" time="0.729" classname="denis.trening.AddFilmValid"/>
  <testcase name="insertValidData" time="0.770" classname="denis.trening.AddFilmValid"/>
</testsuite> <!-- denis.trening.AddFilmValid -->
