<?xml version="1.0" encoding="UTF-8"?>
<!-- Generated by org.testng.reporters.JUnitReportReporter -->
<testsuite hostname="dancobygro0020" name="denis.trening.CheckSearchAreFound" tests="3" failures="0" timestamp="6 Nov 2015 08:59:25 GMT" time="1.039" errors="0">
  <testcase name="checkAmount" time="0.054" classname="denis.trening.CheckSearchAreFound"/>
  <testcase name="checkOfExistingName" time="0.952" classname="denis.trening.CheckSearchAreFound"/>
  <testcase name="search" time="0.033" classname="denis.trening.CheckSearchAreFound"/>
</testsuite> <!-- denis.trening.CheckSearchAreFound -->
