<?xml version="1.0" encoding="UTF-8"?>
<!-- Generated by org.testng.reporters.JUnitReportReporter -->
<testsuite hostname="dancobygro0020" name="denis_trening.CheckCountFilms" tests="1" failures="0" timestamp="2 Nov 2015 14:15:19 GMT" time="3.682" errors="0">
  <testcase name="testUntitled" time="3.682" classname="denis_trening.CheckCountFilms"/>
</testsuite> <!-- denis_trening.CheckCountFilms -->
