<?xml version="1.0" encoding="UTF-8"?>
<!-- Generated by org.testng.reporters.JUnitReportReporter -->
<testsuite hostname="dancobygro0020" name="denis_trening_pages.HomePageTest" tests="2" failures="0" timestamp="26 Oct 2015 08:46:56 GMT" time="0.037" errors="0">
  <testcase name="testH1Existing" time="0.035" classname="denis_trening_pages.HomePageTest"/>
  <testcase name="test2" time="0.002" classname="denis_trening_pages.HomePageTest"/>
</testsuite> <!-- denis_trening_pages.HomePageTest -->
