<?xml version="1.0" encoding="UTF-8"?>
<!-- Generated by org.testng.reporters.JUnitReportReporter -->
<testsuite hostname="dancobygro0020" name="denis.trening.CheckSearchNotFound" tests="2" failures="0" timestamp="6 Nov 2015 08:59:25 GMT" time="5.996" errors="0">
  <testcase name="search" time="0.774" classname="denis.trening.CheckSearchNotFound"/>
  <testcase name="checkAmount" time="5.222" classname="denis.trening.CheckSearchNotFound"/>
</testsuite> <!-- denis.trening.CheckSearchNotFound -->
