<?xml version="1.0" encoding="UTF-8"?>
<!-- Generated by org.testng.reporters.JUnitReportReporter -->
<testsuite hostname="dancobygro0020" name="denis.trening.SearchNegative" tests="1" failures="0" timestamp="11 Nov 2015 13:55:42 GMT" time="13.483" errors="0">
  <testcase name="testUntitled" time="13.483" classname="denis.trening.SearchNegative"/>
</testsuite> <!-- denis.trening.SearchNegative -->
