<?xml version="1.0" encoding="UTF-8"?>
<!-- Generated by org.testng.reporters.JUnitReportReporter -->
<testsuite hostname="dancobygro0020" name="denis_trening.AddRemoveFilm" tests="6" failures="0" timestamp="2 Nov 2015 14:00:06 GMT" time="13.073" errors="0">
  <testcase name="openPageOfAddFilm" time="0.966" classname="denis_trening.AddRemoveFilm"/>
  <testcase name="logout" time="0.752" classname="denis_trening.AddRemoveFilm"/>
  <testcase name="login" time="5.533" classname="denis_trening.AddRemoveFilm"/>
  <testcase name="insertValidData" time="1.602" classname="denis_trening.AddRemoveFilm"/>
  <testcase name="insertInvalidData" time="2.889" classname="denis_trening.AddRemoveFilm"/>
  <testcase name="deleteFilm" time="1.331" classname="denis_trening.AddRemoveFilm"/>
</testsuite> <!-- denis_trening.AddRemoveFilm -->
