<?xml version="1.0" encoding="UTF-8"?>
<!-- Generated by org.testng.reporters.JUnitReportReporter -->
<testsuite hostname="dancobygro0020" name="denis_trening.Test006_Logout" tests="1" failures="0" timestamp="2 Nov 2015 13:19:27 GMT" time="0.005" errors="0">
  <testcase name="testUntitled" time="0.005" classname="denis_trening.Test006_Logout"/>
</testsuite> <!-- denis_trening.Test006_Logout -->
