<?xml version="1.0" encoding="UTF-8"?>
<!-- Generated by org.testng.reporters.JUnitReportReporter -->
<testsuite hostname="AdminPC" name="denis_trening.LoginTest" tests="1" failures="0" timestamp="25 Oct 2015 09:47:35 GMT" time="4.128" errors="0">
  <testcase name="testUntitled" time="4.128" classname="denis_trening.LoginTest"/>
</testsuite> <!-- denis_trening.LoginTest -->
