<?xml version="1.0" encoding="UTF-8"?>
<!-- Generated by org.testng.reporters.JUnitReportReporter -->
<testsuite hostname="dancobygro0020" name="denis.trening.DeleteFilm" tests="1" failures="0" timestamp="5 Nov 2015 13:16:09 GMT" time="1.410" errors="0">
  <testcase name="deleteFilm" time="1.410" classname="denis.trening.DeleteFilm"/>
</testsuite> <!-- denis.trening.DeleteFilm -->
