<?xml version="1.0" encoding="UTF-8"?>
<!-- Generated by org.testng.reporters.JUnitReportReporter -->
<testsuite hostname="dancobygro0020" name="denis.trening.CheckSearchNotFound" tests="2" failures="0" timestamp="6 Nov 2015 08:04:25 GMT" time="6.162" errors="0">
  <testcase name="search" time="0.900" classname="denis.trening.CheckSearchNotFound"/>
  <testcase name="checkAmount" time="5.262" classname="denis.trening.CheckSearchNotFound"/>
</testsuite> <!-- denis.trening.CheckSearchNotFound -->
