<?xml version="1.0" encoding="UTF-8"?>
<!-- Generated by org.testng.reporters.JUnitReportReporter -->
<testsuite hostname="dancobygro0020" name="denis.trening.AddFilmValid" tests="1" failures="0" timestamp="10 Nov 2015 13:43:41 GMT" time="9.557" errors="0">
  <testcase name="testUntitled" time="9.557" classname="denis.trening.AddFilmValid"/>
</testsuite> <!-- denis.trening.AddFilmValid -->
