<?xml version="1.0" encoding="UTF-8"?>
<!-- Generated by org.testng.reporters.JUnitReportReporter -->
<testsuite hostname="dancobygro0020" name="denis.trening.CheckSearchNotFound" tests="2" failures="0" timestamp="6 Nov 2015 08:24:53 GMT" time="6.050" errors="0">
  <testcase name="search" time="0.808" classname="denis.trening.CheckSearchNotFound"/>
  <testcase name="checkAmount" time="5.242" classname="denis.trening.CheckSearchNotFound"/>
</testsuite> <!-- denis.trening.CheckSearchNotFound -->
