<?xml version="1.0" encoding="UTF-8"?>
<!-- Generated by org.testng.reporters.JUnitReportReporter -->
<testsuite hostname="dancobygro0020" name="denis.trening.Logout" tests="1" failures="0" timestamp="4 Nov 2015 08:31:20 GMT" time="0.174" errors="0">
  <testcase name="testUntitled" time="0.174" classname="denis.trening.Logout"/>
</testsuite> <!-- denis.trening.Logout -->
