<?xml version="1.0" encoding="UTF-8"?>
<!-- Generated by org.testng.reporters.JUnitReportReporter -->
<testsuite hostname="dancobygro0020" name="denis.trening.AddFilmValid" tests="2" failures="0" timestamp="4 Nov 2015 08:31:20 GMT" time="1.300" errors="0">
  <testcase name="openPageOfAddFilm" time="0.977" classname="denis.trening.AddFilmValid"/>
  <testcase name="insertValidData" time="0.323" classname="denis.trening.AddFilmValid"/>
</testsuite> <!-- denis.trening.AddFilmValid -->
