<?xml version="1.0" encoding="UTF-8"?>
<!-- Generated by org.testng.reporters.JUnitReportReporter -->
<testsuite hostname="dancobygro0020" name="denis.trening.CheckSearchAreFound" tests="3" failures="0" timestamp="6 Nov 2015 08:28:49 GMT" time="0.973" errors="0">
  <testcase name="search" time="0.040" classname="denis.trening.CheckSearchAreFound"/>
  <testcase name="checkOfExistingName" time="0.886" classname="denis.trening.CheckSearchAreFound"/>
  <testcase name="checkAmount" time="0.047" classname="denis.trening.CheckSearchAreFound"/>
</testsuite> <!-- denis.trening.CheckSearchAreFound -->
