<?xml version="1.0" encoding="UTF-8"?>
<!-- Generated by org.testng.reporters.JUnitReportReporter -->
<testsuite hostname="dancobygro0020" name="denis.trening.SearchPositive" tests="1" failures="0" timestamp="19 Jan 2016 12:47:13 GMT" time="3.325" errors="0">
  <testcase name="testUntitled" time="3.325" classname="denis.trening.SearchPositive"/>
</testsuite> <!-- denis.trening.SearchPositive -->
