<?xml version="1.0" encoding="UTF-8"?>
<!-- Generated by org.testng.reporters.JUnitReportReporter -->
<testsuite hostname="dancobygro0020" name="denis.trening.LoginTest" tests="1" failures="0" timestamp="6 Nov 2015 08:50:41 GMT" time="2.869" errors="0">
  <testcase name="testUntitled" time="2.869" classname="denis.trening.LoginTest"/>
</testsuite> <!-- denis.trening.LoginTest -->
